<?xml version="1.0" encoding="UTF-8"?>
<!-- Generated by org.testng.reporters.JUnitXMLReporter -->
<testsuite ignored="0" hostname="KentHookahPC" failures="0" tests="4" name="HomeLoan1" time="0.082" errors="0" timestamp="2022-04-07T13:56:08 SAST">
  <testcase classname="loans.HomeLoan1" name="HL1_Loan1" time="0.007"/>
  <testcase classname="loans.HomeLoan1" name="HL1_Loan2" time="0.004"/>
  <testcase classname="loans.HomeLoan2" name="HL2_Loan1" time="0.002"/>
  <testcase classname="loans.HomeLoan2" name="HL2_Loan2" time="0.003"/>
</testsuite> <!-- HomeLoan1 -->
