<?xml version="1.0" encoding="UTF-8"?>
<!-- Generated by org.testng.reporters.JUnitXMLReporter -->
<testsuite ignored="4" hostname="KentHookahPC" failures="0" tests="2" name="PersonalLoan" time="0.019" errors="0" timestamp="2022-04-07T13:56:08 SAST">
  <testcase classname="loans.Personalloan1" name="PL1_Loan1" time="0.002"/>
  <testcase classname="loans.PersonalLoan2" name="PL2_Loan1" time="0.008"/>
  <testcase classname="loans.Personalloan1" name="PL1_Loan2" time="0.0">
    <ignored/>
  </testcase> <!-- PL1_Loan2 -->
  <testcase classname="loans.PersonalLoan2" name="PL2_Loan2" time="0.0">
    <ignored/>
  </testcase> <!-- PL2_Loan2 -->
  <testcase classname="loans.PersonalLoan2" name="failedTest" time="0.0">
    <ignored/>
  </testcase> <!-- failedTest -->
  <testcase classname="loans.PersonalLoan2" name="skippedTest" time="0.0">
    <ignored/>
  </testcase> <!-- skippedTest -->
</testsuite> <!-- PersonalLoan -->
