<?xml version="1.0" encoding="UTF-8"?>
<!-- Generated by org.testng.reporters.JUnitXMLReporter -->
<testsuite ignored="1" hostname="KentHookahPC" failures="0" tests="2" name="VehicleLoans" time="0.009" errors="0" timestamp="2022-04-07T13:56:08 SAST">
  <testcase classname="loans.VehicleLoans" name="V_Loan1" time="0.002"/>
  <testcase classname="loans.VehicleLoans" name="V_Loan3" time="0.002"/>
  <testcase classname="loans.VehicleLoans" name="V_Loan2" time="0.0">
    <ignored/>
  </testcase> <!-- V_Loan2 -->
</testsuite> <!-- VehicleLoans -->
