<?xml version="1.0" encoding="UTF-8"?>
<testng-results ignored="0" total="10" passed="10" failed="0" skipped="0">
  <reporter-output>
  </reporter-output>
  <suite started-at="2022-03-17T18:34:11 SAST" name="Default suite" finished-at="2022-03-17T18:34:11 SAST" duration-ms="123">
    <groups>
    </groups>
    <test started-at="2022-03-17T18:34:11 SAST" name="Default test" finished-at="2022-03-17T18:34:11 SAST" duration-ms="123">
      <class name="loans.HomeLoan2">
        <test-method signature="Loan1()[pri:0, instance:loans.HomeLoan2@635eaaf1]" started-at="2022-03-17T18:34:11 SAST" name="Loan1" finished-at="2022-03-17T18:34:11 SAST" duration-ms="16" status="PASS">
          <reporter-output>
          </reporter-output>
        </test-method> <!-- Loan1 -->
        <test-method signature="Loan2()[pri:0, instance:loans.HomeLoan2@635eaaf1]" started-at="2022-03-17T18:34:11 SAST" name="Loan2" finished-at="2022-03-17T18:34:11 SAST" duration-ms="2" status="PASS">
          <reporter-output>
          </reporter-output>
        </test-method> <!-- Loan2 -->
      </class> <!-- loans.HomeLoan2 -->
      <class name="loans.Personalloan1">
        <test-method signature="P_Loan1()[pri:0, instance:loans.Personalloan1@50b472aa]" started-at="2022-03-17T18:34:11 SAST" name="P_Loan1" finished-at="2022-03-17T18:34:11 SAST" duration-ms="2" status="PASS">
          <reporter-output>
          </reporter-output>
        </test-method> <!-- P_Loan1 -->
        <test-method signature="P_Loan2()[pri:0, instance:loans.Personalloan1@50b472aa]" started-at="2022-03-17T18:34:11 SAST" name="P_Loan2" finished-at="2022-03-17T18:34:11 SAST" duration-ms="2" status="PASS">
          <reporter-output>
          </reporter-output>
        </test-method> <!-- P_Loan2 -->
      </class> <!-- loans.Personalloan1 -->
      <class name="loans.PersonalLoan2">
        <test-method signature="P_Loan1()[pri:0, instance:loans.PersonalLoan2@31368b99]" started-at="2022-03-17T18:34:11 SAST" name="P_Loan1" finished-at="2022-03-17T18:34:11 SAST" duration-ms="2" status="PASS">
          <reporter-output>
          </reporter-output>
        </test-method> <!-- P_Loan1 -->
        <test-method signature="P_Loan2()[pri:0, instance:loans.PersonalLoan2@31368b99]" started-at="2022-03-17T18:34:11 SAST" name="P_Loan2" finished-at="2022-03-17T18:34:11 SAST" duration-ms="1" status="PASS">
          <reporter-output>
          </reporter-output>
        </test-method> <!-- P_Loan2 -->
      </class> <!-- loans.PersonalLoan2 -->
      <class name="loans.HomeLoan1">
        <test-method signature="Loan1()[pri:0, instance:loans.HomeLoan1@1725dc0f]" started-at="2022-03-17T18:34:11 SAST" name="Loan1" finished-at="2022-03-17T18:34:11 SAST" duration-ms="2" status="PASS">
          <reporter-output>
          </reporter-output>
        </test-method> <!-- Loan1 -->
        <test-method signature="Loan2()[pri:0, instance:loans.HomeLoan1@1725dc0f]" started-at="2022-03-17T18:34:11 SAST" name="Loan2" finished-at="2022-03-17T18:34:11 SAST" duration-ms="1" status="PASS">
          <reporter-output>
          </reporter-output>
        </test-method> <!-- Loan2 -->
      </class> <!-- loans.HomeLoan1 -->
      <class name="loans.VehicleLoans">
        <test-method signature="V_Loan1()[pri:0, instance:loans.VehicleLoans@3911c2a7]" started-at="2022-03-17T18:34:11 SAST" name="V_Loan1" finished-at="2022-03-17T18:34:11 SAST" duration-ms="1" status="PASS">
          <reporter-output>
          </reporter-output>
        </test-method> <!-- V_Loan1 -->
        <test-method signature="V_Loan2()[pri:0, instance:loans.VehicleLoans@3911c2a7]" started-at="2022-03-17T18:34:11 SAST" name="V_Loan2" finished-at="2022-03-17T18:34:11 SAST" duration-ms="1" status="PASS">
          <reporter-output>
          </reporter-output>
        </test-method> <!-- V_Loan2 -->
      </class> <!-- loans.VehicleLoans -->
    </test> <!-- Default test -->
  </suite> <!-- Default suite -->
</testng-results>
