<?xml version="1.0" encoding="UTF-8"?>
<!-- Generated by org.testng.reporters.JUnitXMLReporter -->
<testsuite ignored="0" hostname="KentHookahPC" failures="0" tests="10" name="Default test" time="0.123" errors="0" timestamp="2022-03-17T18:34:11 SAST">
  <testcase classname="loans.HomeLoan2" name="Loan1" time="0.016"/>
  <testcase classname="loans.HomeLoan2" name="Loan2" time="0.002"/>
  <testcase classname="loans.Personalloan1" name="P_Loan1" time="0.002"/>
  <testcase classname="loans.Personalloan1" name="P_Loan2" time="0.002"/>
  <testcase classname="loans.PersonalLoan2" name="P_Loan1" time="0.002"/>
  <testcase classname="loans.PersonalLoan2" name="P_Loan2" time="0.001"/>
  <testcase classname="loans.HomeLoan1" name="Loan1" time="0.002"/>
  <testcase classname="loans.HomeLoan1" name="Loan2" time="0.001"/>
  <testcase classname="loans.VehicleLoans" name="V_Loan1" time="0.001"/>
  <testcase classname="loans.VehicleLoans" name="V_Loan2" time="0.001"/>
</testsuite> <!-- Default test -->
