<?xml version="1.0" encoding="UTF-8"?>
<!-- Generated by org.testng.reporters.JUnitXMLReporter -->
<testsuite ignored="0" hostname="KentHookahPC" failures="0" tests="4" name="PersonalLoan" time="0.021" errors="0" timestamp="2022-03-22T19:55:35 SAST">
  <testcase classname="loans.Personalloan1" name="PL1_Loan1" time="0.002"/>
  <testcase classname="loans.Personalloan1" name="PL1_Loan2" time="0.002"/>
  <testcase classname="loans.PersonalLoan2" name="PL2_Loan1" time="0.002"/>
  <testcase classname="loans.PersonalLoan2" name="PL2_Loan2" time="0.002"/>
</testsuite> <!-- PersonalLoan -->
