<?xml version="1.0" encoding="UTF-8"?>
<!-- Generated by org.testng.reporters.JUnitXMLReporter -->
<testsuite ignored="7" hostname="KentHookahPC" failures="0" tests="4" name="Test" time="0.11" errors="0" timestamp="2022-03-24T17:20:19 SAST">
  <testcase classname="loans.HomeLoan1" name="HL1_Loan2" time="0.021"/>
  <testcase classname="loans.HomeLoan2" name="HL2_Loan2" time="0.003"/>
  <testcase classname="loans.Personalloan1" name="PL1_Loan1" time="0.002"/>
  <testcase classname="loans.PersonalLoan2" name="PL2_Loan1" time="0.002"/>
  <testcase classname="loans.VehicleLoans" name="V_Loan2" time="0.0">
    <ignored/>
  </testcase> <!-- V_Loan2 -->
  <testcase classname="loans.HomeLoan2" name="HL2_Loan1" time="0.0">
    <ignored/>
  </testcase> <!-- HL2_Loan1 -->
  <testcase classname="loans.Personalloan1" name="PL1_Loan2" time="0.0">
    <ignored/>
  </testcase> <!-- PL1_Loan2 -->
  <testcase classname="loans.PersonalLoan2" name="PL2_Loan2" time="0.0">
    <ignored/>
  </testcase> <!-- PL2_Loan2 -->
  <testcase classname="loans.VehicleLoans" name="V_Loan1" time="0.0">
    <ignored/>
  </testcase> <!-- V_Loan1 -->
  <testcase classname="loans.HomeLoan1" name="HL1_Loan1" time="0.0">
    <ignored/>
  </testcase> <!-- HL1_Loan1 -->
  <testcase classname="loans.VehicleLoans" name="V_Loan3" time="0.0">
    <ignored/>
  </testcase> <!-- V_Loan3 -->
</testsuite> <!-- Test -->
